2025-01-14 16:08:52,235 - DEBUG - Skipping Selenium Manager; path to chrome driver specified in Service class: ./chromedriver.exe
2025-01-14 16:09:16,444 - DEBUG - Started executable: `./chromedriver.exe` in a child process with pid: 27312 using 0 to output -3
2025-01-14 16:09:16,965 - DEBUG - POST http://localhost:55332/session {'capabilities': {'firstMatch': [{}], 'alwaysMatch': {'browserName': 'chrome', 'pageLoadStrategy': <PageLoadStrategy.normal: 'normal'>, 'goog:chromeOptions': {'extensions': [], 'args': []}}}}
2025-01-14 16:09:16,966 - DEBUG - Starting new HTTP connection (1): localhost:55332
2025-01-14 16:09:17,561 - DEBUG - http://localhost:55332 "POST /session HTTP/1.1" 200 0
2025-01-14 16:09:17,561 - DEBUG - Remote response: status=200 | data={"value":{"capabilities":{"acceptInsecureCerts":false,"browserName":"chrome","browserVersion":"131.0.6778.265","chrome":{"chromedriverVersion":"131.0.6778.264 (2d05e31515360f4da764174f7c448b33e36da871-refs/branch-heads/6778@{#4323})","userDataDir":"C:\\Users\\Admin\\AppData\\Local\\Temp\\scoped_dir27312_855636931"},"fedcm:accounts":true,"goog:chromeOptions":{"debuggerAddress":"localhost:56185"},"networkConnectionEnabled":false,"pageLoadStrategy":"normal","platformName":"windows","proxy":{},"setWindowRect":true,"strictFileInteractability":false,"timeouts":{"implicit":0,"pageLoad":300000,"script":30000},"unhandledPromptBehavior":"dismiss and notify","webauthn:extension:credBlob":true,"webauthn:extension:largeBlob":true,"webauthn:extension:minPinLength":true,"webauthn:extension:prf":true,"webauthn:virtualAuthenticators":true},"sessionId":"6946a79439aba524f6c9248b8663f992"}} | headers=HTTPHeaderDict({'Content-Length': '883', 'Content-Type': 'application/json; charset=utf-8', 'cache-control': 'no-cache'})
2025-01-14 16:09:17,563 - DEBUG - Finished Request
2025-01-14 16:09:17,563 - DEBUG - POST http://localhost:55332/session/6946a79439aba524f6c9248b8663f992/url {'url': 'https://violet.vn'}
2025-01-14 16:09:23,847 - DEBUG - http://localhost:55332 "POST /session/6946a79439aba524f6c9248b8663f992/url HTTP/1.1" 200 0
2025-01-14 16:09:23,847 - DEBUG - Remote response: status=200 | data={"value":null} | headers=HTTPHeaderDict({'Content-Length': '14', 'Content-Type': 'application/json; charset=utf-8', 'cache-control': 'no-cache'})
2025-01-14 16:09:23,848 - DEBUG - Finished Request
2025-01-14 16:09:23,848 - DEBUG - POST http://localhost:55332/session/6946a79439aba524f6c9248b8663f992/element {'using': 'css selector', 'value': '[id="username"]'}
2025-01-14 16:09:23,855 - DEBUG - http://localhost:55332 "POST /session/6946a79439aba524f6c9248b8663f992/element HTTP/1.1" 200 0
2025-01-14 16:09:23,855 - DEBUG - Remote response: status=200 | data={"value":{"element-6066-11e4-a52e-4f735466cecf":"f.B2C5F5E471B7239AD914D670494002F9.d.034C5277D5E1E9A3E2CF2F1A786692A2.e.25"}} | headers=HTTPHeaderDict({'Content-Length': '126', 'Content-Type': 'application/json; charset=utf-8', 'cache-control': 'no-cache'})
2025-01-14 16:09:23,855 - DEBUG - Finished Request
2025-01-14 16:09:23,855 - DEBUG - POST http://localhost:55332/session/6946a79439aba524f6c9248b8663f992/element/f.B2C5F5E471B7239AD914D670494002F9.d.034C5277D5E1E9A3E2CF2F1A786692A2.e.25/clear {}
2025-01-14 16:09:23,899 - DEBUG - http://localhost:55332 "POST /session/6946a79439aba524f6c9248b8663f992/element/f.B2C5F5E471B7239AD914D670494002F9.d.034C5277D5E1E9A3E2CF2F1A786692A2.e.25/clear HTTP/1.1" 200 0
2025-01-14 16:09:23,899 - DEBUG - Remote response: status=200 | data={"value":null} | headers=HTTPHeaderDict({'Content-Length': '14', 'Content-Type': 'application/json; charset=utf-8', 'cache-control': 'no-cache'})
2025-01-14 16:09:23,899 - DEBUG - Finished Request
2025-01-14 16:09:23,899 - DEBUG - POST http://localhost:55332/session/6946a79439aba524f6c9248b8663f992/element/f.B2C5F5E471B7239AD914D670494002F9.d.034C5277D5E1E9A3E2CF2F1A786692A2.e.25/value {'text': 'manh2604', 'value': ['m', 'a', 'n', 'h', '2', '6', '0', '4']}
2025-01-14 16:09:23,944 - DEBUG - http://localhost:55332 "POST /session/6946a79439aba524f6c9248b8663f992/element/f.B2C5F5E471B7239AD914D670494002F9.d.034C5277D5E1E9A3E2CF2F1A786692A2.e.25/value HTTP/1.1" 200 0
2025-01-14 16:09:23,944 - DEBUG - Remote response: status=200 | data={"value":null} | headers=HTTPHeaderDict({'Content-Length': '14', 'Content-Type': 'application/json; charset=utf-8', 'cache-control': 'no-cache'})
2025-01-14 16:09:23,945 - DEBUG - Finished Request
2025-01-14 16:09:23,945 - DEBUG - POST http://localhost:55332/session/6946a79439aba524f6c9248b8663f992/element {'using': 'css selector', 'value': '[id="password"]'}
2025-01-14 16:09:23,953 - DEBUG - http://localhost:55332 "POST /session/6946a79439aba524f6c9248b8663f992/element HTTP/1.1" 200 0
2025-01-14 16:09:23,953 - DEBUG - Remote response: status=200 | data={"value":{"element-6066-11e4-a52e-4f735466cecf":"f.B2C5F5E471B7239AD914D670494002F9.d.034C5277D5E1E9A3E2CF2F1A786692A2.e.26"}} | headers=HTTPHeaderDict({'Content-Length': '126', 'Content-Type': 'application/json; charset=utf-8', 'cache-control': 'no-cache'})
2025-01-14 16:09:23,954 - DEBUG - Finished Request
2025-01-14 16:09:23,954 - DEBUG - POST http://localhost:55332/session/6946a79439aba524f6c9248b8663f992/element/f.B2C5F5E471B7239AD914D670494002F9.d.034C5277D5E1E9A3E2CF2F1A786692A2.e.26/clear {}
2025-01-14 16:09:23,969 - DEBUG - http://localhost:55332 "POST /session/6946a79439aba524f6c9248b8663f992/element/f.B2C5F5E471B7239AD914D670494002F9.d.034C5277D5E1E9A3E2CF2F1A786692A2.e.26/clear HTTP/1.1" 200 0
2025-01-14 16:09:23,969 - DEBUG - Remote response: status=200 | data={"value":null} | headers=HTTPHeaderDict({'Content-Length': '14', 'Content-Type': 'application/json; charset=utf-8', 'cache-control': 'no-cache'})
2025-01-14 16:09:23,969 - DEBUG - Finished Request
2025-01-14 16:09:23,969 - DEBUG - POST http://localhost:55332/session/6946a79439aba524f6c9248b8663f992/element/f.B2C5F5E471B7239AD914D670494002F9.d.034C5277D5E1E9A3E2CF2F1A786692A2.e.26/value {'text': '111111', 'value': ['1', '1', '1', '1', '1', '1']}
2025-01-14 16:09:24,005 - DEBUG - http://localhost:55332 "POST /session/6946a79439aba524f6c9248b8663f992/element/f.B2C5F5E471B7239AD914D670494002F9.d.034C5277D5E1E9A3E2CF2F1A786692A2.e.26/value HTTP/1.1" 200 0
2025-01-14 16:09:24,005 - DEBUG - Remote response: status=200 | data={"value":null} | headers=HTTPHeaderDict({'Content-Length': '14', 'Content-Type': 'application/json; charset=utf-8', 'cache-control': 'no-cache'})
2025-01-14 16:09:24,005 - DEBUG - Finished Request
2025-01-14 16:09:24,005 - DEBUG - POST http://localhost:55332/session/6946a79439aba524f6c9248b8663f992/element {'using': 'xpath', 'value': '/html/body/div[1]/div/div/div/div[4]/div[1]/div[1]/form/div/div[4]/input'}
2025-01-14 16:09:24,012 - DEBUG - http://localhost:55332 "POST /session/6946a79439aba524f6c9248b8663f992/element HTTP/1.1" 200 0
2025-01-14 16:09:24,012 - DEBUG - Remote response: status=200 | data={"value":{"element-6066-11e4-a52e-4f735466cecf":"f.B2C5F5E471B7239AD914D670494002F9.d.034C5277D5E1E9A3E2CF2F1A786692A2.e.33"}} | headers=HTTPHeaderDict({'Content-Length': '126', 'Content-Type': 'application/json; charset=utf-8', 'cache-control': 'no-cache'})
2025-01-14 16:09:24,012 - DEBUG - Finished Request
2025-01-14 16:09:24,012 - DEBUG - POST http://localhost:55332/session/6946a79439aba524f6c9248b8663f992/element/f.B2C5F5E471B7239AD914D670494002F9.d.034C5277D5E1E9A3E2CF2F1A786692A2.e.33/click {}
2025-01-14 16:09:24,055 - DEBUG - http://localhost:55332 "POST /session/6946a79439aba524f6c9248b8663f992/element/f.B2C5F5E471B7239AD914D670494002F9.d.034C5277D5E1E9A3E2CF2F1A786692A2.e.33/click HTTP/1.1" 200 0
2025-01-14 16:09:24,055 - DEBUG - Remote response: status=200 | data={"value":null} | headers=HTTPHeaderDict({'Content-Length': '14', 'Content-Type': 'application/json; charset=utf-8', 'cache-control': 'no-cache'})
2025-01-14 16:09:24,055 - DEBUG - Finished Request
2025-01-14 16:09:29,066 - DEBUG - POST http://localhost:55332/session/6946a79439aba524f6c9248b8663f992/url {'url': 'https://violet.vn/message/mailbox/type/compose/us_to/6455144'}
2025-01-14 16:09:30,361 - DEBUG - http://localhost:55332 "POST /session/6946a79439aba524f6c9248b8663f992/url HTTP/1.1" 200 0
2025-01-14 16:09:30,361 - DEBUG - Remote response: status=200 | data={"value":null} | headers=HTTPHeaderDict({'Content-Length': '14', 'Content-Type': 'application/json; charset=utf-8', 'cache-control': 'no-cache'})
2025-01-14 16:09:30,361 - DEBUG - Finished Request
2025-01-14 16:09:30,361 - DEBUG - POST http://localhost:55332/session/6946a79439aba524f6c9248b8663f992/element {'using': 'css selector', 'value': '[id="ms_address"]'}
2025-01-14 16:09:30,362 - DEBUG - http://localhost:55332 "POST /session/6946a79439aba524f6c9248b8663f992/element HTTP/1.1" 404 0
2025-01-14 16:09:30,362 - DEBUG - Remote response: status=404 | data={"value":{"error":"no such window","message":"no such window: target window already closed\nfrom unknown error: web view not found\n  (Session info: chrome=131.0.6778.265)","stacktrace":"\tGetHandleVerifier [0x00007FF73D0E80D5+2992373]\n\t(No symbol) [0x00007FF73CD7BFD0]\n\t(No symbol) [0x00007FF73CC1590A]\n\t(No symbol) [0x00007FF73CBEF4F5]\n\t(No symbol) [0x00007FF73CC963A7]\n\t(No symbol) [0x00007FF73CCAEE72]\n\t(No symbol) [0x00007FF73CC8F113]\n\t(No symbol) [0x00007FF73CC5A918]\n\t(No symbol) [0x00007FF73CC5BA81]\n\tGetHandleVerifier [0x00007FF73D146A2D+3379789]\n\tGetHandleVerifier [0x00007FF73D15C32D+3468109]\n\tGetHandleVerifier [0x00007FF73D150043+3418211]\n\tGetHandleVerifier [0x00007FF73CEDC78B+847787]\n\t(No symbol) [0x00007FF73CD8757F]\n\t(No symbol) [0x00007FF73CD82FC4]\n\t(No symbol) [0x00007FF73CD8315D]\n\t(No symbol) [0x00007FF73CD72979]\n\tBaseThreadInitThunk [0x00007FF8399BE8D7+23]\n\tRtlUserThreadStart [0x00007FF83B07FBCC+44]\n"}} | headers=HTTPHeaderDict({'Content-Length': '964', 'Content-Type': 'application/json; charset=utf-8', 'cache-control': 'no-cache'})
2025-01-14 16:09:30,362 - DEBUG - Finished Request
2025-01-14 16:09:32,384 - DEBUG - DELETE http://localhost:55332/session/6946a79439aba524f6c9248b8663f992/window {}
2025-01-14 16:09:32,386 - DEBUG - http://localhost:55332 "DELETE /session/6946a79439aba524f6c9248b8663f992/window HTTP/1.1" 500 0
2025-01-14 16:09:32,386 - DEBUG - Remote response: status=500 | data={"value":{"error":"disconnected","message":"disconnected: not connected to DevTools\n  (failed to check if window was closed: disconnected: not connected to DevTools)\n  (Session info: chrome=131.0.6778.265)","stacktrace":"\tGetHandleVerifier [0x00007FF73D0E80D5+2992373]\n\t(No symbol) [0x00007FF73CD7BFD0]\n\t(No symbol) [0x00007FF73CC1590A]\n\t(No symbol) [0x00007FF73CC00846]\n\t(No symbol) [0x00007FF73CC01CFF]\n\t(No symbol) [0x00007FF73CC15F53]\n\t(No symbol) [0x00007FF73CBEEFCD]\n\t(No symbol) [0x00007FF73CC9D7E9]\n\t(No symbol) [0x00007FF73CC8F330]\n\t(No symbol) [0x00007FF73CC5A918]\n\t(No symbol) [0x00007FF73CC5BA81]\n\tGetHandleVerifier [0x00007FF73D146A2D+3379789]\n\tGetHandleVerifier [0x00007FF73D15C32D+3468109]\n\tGetHandleVerifier [0x00007FF73D150043+3418211]\n\tGetHandleVerifier [0x00007FF73CEDC78B+847787]\n\t(No symbol) [0x00007FF73CD8757F]\n\t(No symbol) [0x00007FF73CD82FC4]\n\t(No symbol) [0x00007FF73CD8315D]\n\t(No symbol) [0x00007FF73CD72979]\n\tBaseThreadInitThunk [0x00007FF8399BE8D7+23]\n\tRtlUserThreadStart [0x00007FF83B07FBCC+44]\n"}} | headers=HTTPHeaderDict({'Content-Length': '1072', 'Content-Type': 'application/json; charset=utf-8', 'cache-control': 'no-cache'})
2025-01-14 16:09:32,386 - DEBUG - Finished Request
2025-01-14 16:49:24,396 - DEBUG - Skipping Selenium Manager; path to chrome driver specified in Service class: ./chromedriver.exe
2025-01-14 16:49:24,398 - DEBUG - Started executable: `./chromedriver.exe` in a child process with pid: 30224 using 0 to output -3
2025-01-14 16:49:24,933 - DEBUG - POST http://localhost:52002/session {'capabilities': {'firstMatch': [{}], 'alwaysMatch': {'browserName': 'chrome', 'pageLoadStrategy': <PageLoadStrategy.normal: 'normal'>, 'goog:chromeOptions': {'extensions': [], 'args': []}}}}
2025-01-14 16:49:24,933 - DEBUG - Starting new HTTP connection (1): localhost:52002
2025-01-14 16:49:25,451 - DEBUG - http://localhost:52002 "POST /session HTTP/1.1" 200 0
2025-01-14 16:49:25,451 - DEBUG - Remote response: status=200 | data={"value":{"capabilities":{"acceptInsecureCerts":false,"browserName":"chrome","browserVersion":"131.0.6778.265","chrome":{"chromedriverVersion":"131.0.6778.264 (2d05e31515360f4da764174f7c448b33e36da871-refs/branch-heads/6778@{#4323})","userDataDir":"C:\\Users\\Admin\\AppData\\Local\\Temp\\scoped_dir30224_1225294121"},"fedcm:accounts":true,"goog:chromeOptions":{"debuggerAddress":"localhost:52023"},"networkConnectionEnabled":false,"pageLoadStrategy":"normal","platformName":"windows","proxy":{},"setWindowRect":true,"strictFileInteractability":false,"timeouts":{"implicit":0,"pageLoad":300000,"script":30000},"unhandledPromptBehavior":"dismiss and notify","webauthn:extension:credBlob":true,"webauthn:extension:largeBlob":true,"webauthn:extension:minPinLength":true,"webauthn:extension:prf":true,"webauthn:virtualAuthenticators":true},"sessionId":"f243b8fdf187c3be08a0b965de045e11"}} | headers=HTTPHeaderDict({'Content-Length': '884', 'Content-Type': 'application/json; charset=utf-8', 'cache-control': 'no-cache'})
2025-01-14 16:49:25,452 - DEBUG - Finished Request
2025-01-14 16:49:25,452 - DEBUG - POST http://localhost:52002/session/f243b8fdf187c3be08a0b965de045e11/url {'url': 'https://baocantho.com.vn/khmer/detail-a182477.html'}
2025-01-14 16:49:27,844 - DEBUG - http://localhost:52002 "POST /session/f243b8fdf187c3be08a0b965de045e11/url HTTP/1.1" 200 0
2025-01-14 16:49:27,845 - DEBUG - Remote response: status=200 | data={"value":null} | headers=HTTPHeaderDict({'Content-Length': '14', 'Content-Type': 'application/json; charset=utf-8', 'cache-control': 'no-cache'})
2025-01-14 16:49:27,845 - DEBUG - Finished Request
2025-01-14 17:12:18,148 - DEBUG - Skipping Selenium Manager; path to chrome driver specified in Service class: ./chromedriver.exe
2025-01-14 17:12:18,155 - DEBUG - Started executable: `./chromedriver.exe` in a child process with pid: 2248 using 0 to output -3
2025-01-14 17:12:18,673 - DEBUG - POST http://localhost:56321/session {'capabilities': {'firstMatch': [{}], 'alwaysMatch': {'browserName': 'chrome', 'pageLoadStrategy': <PageLoadStrategy.normal: 'normal'>, 'goog:chromeOptions': {'extensions': [], 'args': []}}}}
2025-01-14 17:12:18,673 - DEBUG - Starting new HTTP connection (1): localhost:56321
2025-01-14 17:12:19,207 - DEBUG - http://localhost:56321 "POST /session HTTP/1.1" 200 0
2025-01-14 17:12:19,207 - DEBUG - Remote response: status=200 | data={"value":{"capabilities":{"acceptInsecureCerts":false,"browserName":"chrome","browserVersion":"131.0.6778.265","chrome":{"chromedriverVersion":"131.0.6778.264 (2d05e31515360f4da764174f7c448b33e36da871-refs/branch-heads/6778@{#4323})","userDataDir":"C:\\Users\\Admin\\AppData\\Local\\Temp\\scoped_dir2248_2000607336"},"fedcm:accounts":true,"goog:chromeOptions":{"debuggerAddress":"localhost:56331"},"networkConnectionEnabled":false,"pageLoadStrategy":"normal","platformName":"windows","proxy":{},"setWindowRect":true,"strictFileInteractability":false,"timeouts":{"implicit":0,"pageLoad":300000,"script":30000},"unhandledPromptBehavior":"dismiss and notify","webauthn:extension:credBlob":true,"webauthn:extension:largeBlob":true,"webauthn:extension:minPinLength":true,"webauthn:extension:prf":true,"webauthn:virtualAuthenticators":true},"sessionId":"faafe5c6617f04d7fa749a68bcd87352"}} | headers=HTTPHeaderDict({'Content-Length': '883', 'Content-Type': 'application/json; charset=utf-8', 'cache-control': 'no-cache'})
2025-01-14 17:12:19,208 - DEBUG - Finished Request
2025-01-14 17:12:19,208 - DEBUG - POST http://localhost:56321/session/faafe5c6617f04d7fa749a68bcd87352/url {'url': 'https://baocantho.com.vn/khmer/detail-a182477.html'}
2025-01-14 17:12:20,057 - DEBUG - http://localhost:56321 "POST /session/faafe5c6617f04d7fa749a68bcd87352/url HTTP/1.1" 200 0
2025-01-14 17:12:20,057 - DEBUG - Remote response: status=200 | data={"value":null} | headers=HTTPHeaderDict({'Content-Length': '14', 'Content-Type': 'application/json; charset=utf-8', 'cache-control': 'no-cache'})
2025-01-14 17:12:20,057 - DEBUG - Finished Request
2025-01-14 17:12:20,057 - DEBUG - POST http://localhost:56321/session/faafe5c6617f04d7fa749a68bcd87352/element {'using': 'css selector', 'value': '.content-fck slider-jsgallery'}
2025-01-14 17:12:21,547 - DEBUG - http://localhost:56321 "POST /session/faafe5c6617f04d7fa749a68bcd87352/element HTTP/1.1" 404 0
2025-01-14 17:12:21,547 - DEBUG - Remote response: status=404 | data={"value":{"error":"no such element","message":"no such element: Unable to locate element: {\"method\":\"css selector\",\"selector\":\".content-fck slider-jsgallery\"}\n  (Session info: chrome=131.0.6778.265)","stacktrace":"\tGetHandleVerifier [0x00007FF7FA4480D5+2992373]\n\t(No symbol) [0x00007FF7FA0DBFD0]\n\t(No symbol) [0x00007FF7F9F7590A]\n\t(No symbol) [0x00007FF7F9FC926E]\n\t(No symbol) [0x00007FF7F9FC955C]\n\t(No symbol) [0x00007FF7FA0127D7]\n\t(No symbol) [0x00007FF7F9FEF3AF]\n\t(No symbol) [0x00007FF7FA00F584]\n\t(No symbol) [0x00007FF7F9FEF113]\n\t(No symbol) [0x00007FF7F9FBA918]\n\t(No symbol) [0x00007FF7F9FBBA81]\n\tGetHandleVerifier [0x00007FF7FA4A6A2D+3379789]\n\tGetHandleVerifier [0x00007FF7FA4BC32D+3468109]\n\tGetHandleVerifier [0x00007FF7FA4B0043+3418211]\n\tGetHandleVerifier [0x00007FF7FA23C78B+847787]\n\t(No symbol) [0x00007FF7FA0E757F]\n\t(No symbol) [0x00007FF7FA0E2FC4]\n\t(No symbol) [0x00007FF7FA0E315D]\n\t(No symbol) [0x00007FF7FA0D2979]\n\tBaseThreadInitThunk [0x00007FF90F01E8D7+23]\n\tRtlUserThreadStart [0x00007FF91101FBCC+44]\n"}} | headers=HTTPHeaderDict({'Content-Length': '1072', 'Content-Type': 'application/json; charset=utf-8', 'cache-control': 'no-cache'})
2025-01-14 17:12:21,547 - DEBUG - Finished Request
2025-01-14 17:14:08,357 - DEBUG - Skipping Selenium Manager; path to chrome driver specified in Service class: ./chromedriver.exe
2025-01-14 17:14:08,358 - DEBUG - Started executable: `./chromedriver.exe` in a child process with pid: 11056 using 0 to output -3
2025-01-14 17:14:08,887 - DEBUG - POST http://localhost:57728/session {'capabilities': {'firstMatch': [{}], 'alwaysMatch': {'browserName': 'chrome', 'pageLoadStrategy': <PageLoadStrategy.normal: 'normal'>, 'goog:chromeOptions': {'extensions': [], 'args': []}}}}
2025-01-14 17:14:08,887 - DEBUG - Starting new HTTP connection (1): localhost:57728
2025-01-14 17:14:09,331 - DEBUG - http://localhost:57728 "POST /session HTTP/1.1" 200 0
2025-01-14 17:14:09,331 - DEBUG - Remote response: status=200 | data={"value":{"capabilities":{"acceptInsecureCerts":false,"browserName":"chrome","browserVersion":"131.0.6778.265","chrome":{"chromedriverVersion":"131.0.6778.264 (2d05e31515360f4da764174f7c448b33e36da871-refs/branch-heads/6778@{#4323})","userDataDir":"C:\\Users\\Admin\\AppData\\Local\\Temp\\scoped_dir11056_699192946"},"fedcm:accounts":true,"goog:chromeOptions":{"debuggerAddress":"localhost:57738"},"networkConnectionEnabled":false,"pageLoadStrategy":"normal","platformName":"windows","proxy":{},"setWindowRect":true,"strictFileInteractability":false,"timeouts":{"implicit":0,"pageLoad":300000,"script":30000},"unhandledPromptBehavior":"dismiss and notify","webauthn:extension:credBlob":true,"webauthn:extension:largeBlob":true,"webauthn:extension:minPinLength":true,"webauthn:extension:prf":true,"webauthn:virtualAuthenticators":true},"sessionId":"299800372a5e5db7d2dbff22a8949453"}} | headers=HTTPHeaderDict({'Content-Length': '883', 'Content-Type': 'application/json; charset=utf-8', 'cache-control': 'no-cache'})
2025-01-14 17:14:09,331 - DEBUG - Finished Request
2025-01-14 17:14:09,331 - DEBUG - POST http://localhost:57728/session/299800372a5e5db7d2dbff22a8949453/url {'url': 'https://baocantho.com.vn/khmer/detail-a182477.html'}
2025-01-14 17:14:11,877 - DEBUG - http://localhost:57728 "POST /session/299800372a5e5db7d2dbff22a8949453/url HTTP/1.1" 200 0
2025-01-14 17:14:11,877 - DEBUG - Remote response: status=200 | data={"value":null} | headers=HTTPHeaderDict({'Content-Length': '14', 'Content-Type': 'application/json; charset=utf-8', 'cache-control': 'no-cache'})
2025-01-14 17:14:11,877 - DEBUG - Finished Request
2025-01-14 17:14:11,877 - DEBUG - POST http://localhost:57728/session/299800372a5e5db7d2dbff22a8949453/element {'using': 'css selector', 'value': '.content-fck slider-jsgallery'}
2025-01-14 17:14:11,889 - DEBUG - http://localhost:57728 "POST /session/299800372a5e5db7d2dbff22a8949453/element HTTP/1.1" 404 0
2025-01-14 17:14:11,889 - DEBUG - Remote response: status=404 | data={"value":{"error":"no such element","message":"no such element: Unable to locate element: {\"method\":\"css selector\",\"selector\":\".content-fck slider-jsgallery\"}\n  (Session info: chrome=131.0.6778.265)","stacktrace":"\tGetHandleVerifier [0x00007FF7FA4480D5+2992373]\n\t(No symbol) [0x00007FF7FA0DBFD0]\n\t(No symbol) [0x00007FF7F9F7590A]\n\t(No symbol) [0x00007FF7F9FC926E]\n\t(No symbol) [0x00007FF7F9FC955C]\n\t(No symbol) [0x00007FF7FA0127D7]\n\t(No symbol) [0x00007FF7F9FEF3AF]\n\t(No symbol) [0x00007FF7FA00F584]\n\t(No symbol) [0x00007FF7F9FEF113]\n\t(No symbol) [0x00007FF7F9FBA918]\n\t(No symbol) [0x00007FF7F9FBBA81]\n\tGetHandleVerifier [0x00007FF7FA4A6A2D+3379789]\n\tGetHandleVerifier [0x00007FF7FA4BC32D+3468109]\n\tGetHandleVerifier [0x00007FF7FA4B0043+3418211]\n\tGetHandleVerifier [0x00007FF7FA23C78B+847787]\n\t(No symbol) [0x00007FF7FA0E757F]\n\t(No symbol) [0x00007FF7FA0E2FC4]\n\t(No symbol) [0x00007FF7FA0E315D]\n\t(No symbol) [0x00007FF7FA0D2979]\n\tBaseThreadInitThunk [0x00007FF90F01E8D7+23]\n\tRtlUserThreadStart [0x00007FF91101FBCC+44]\n"}} | headers=HTTPHeaderDict({'Content-Length': '1072', 'Content-Type': 'application/json; charset=utf-8', 'cache-control': 'no-cache'})
2025-01-14 17:14:11,889 - DEBUG - Finished Request
2025-01-14 17:21:45,813 - DEBUG - Skipping Selenium Manager; path to chrome driver specified in Service class: ./chromedriver.exe
2025-01-14 17:21:45,815 - DEBUG - Started executable: `./chromedriver.exe` in a child process with pid: 8148 using 0 to output -3
2025-01-14 17:21:46,334 - DEBUG - POST http://localhost:63325/session {'capabilities': {'firstMatch': [{}], 'alwaysMatch': {'browserName': 'chrome', 'pageLoadStrategy': <PageLoadStrategy.normal: 'normal'>, 'goog:chromeOptions': {'extensions': [], 'args': []}}}}
2025-01-14 17:21:46,335 - DEBUG - Starting new HTTP connection (1): localhost:63325
2025-01-14 17:21:46,780 - DEBUG - http://localhost:63325 "POST /session HTTP/1.1" 200 0
2025-01-14 17:21:46,780 - DEBUG - Remote response: status=200 | data={"value":{"capabilities":{"acceptInsecureCerts":false,"browserName":"chrome","browserVersion":"131.0.6778.265","chrome":{"chromedriverVersion":"131.0.6778.264 (2d05e31515360f4da764174f7c448b33e36da871-refs/branch-heads/6778@{#4323})","userDataDir":"C:\\Users\\Admin\\AppData\\Local\\Temp\\scoped_dir8148_653894923"},"fedcm:accounts":true,"goog:chromeOptions":{"debuggerAddress":"localhost:63336"},"networkConnectionEnabled":false,"pageLoadStrategy":"normal","platformName":"windows","proxy":{},"setWindowRect":true,"strictFileInteractability":false,"timeouts":{"implicit":0,"pageLoad":300000,"script":30000},"unhandledPromptBehavior":"dismiss and notify","webauthn:extension:credBlob":true,"webauthn:extension:largeBlob":true,"webauthn:extension:minPinLength":true,"webauthn:extension:prf":true,"webauthn:virtualAuthenticators":true},"sessionId":"32350e9c926040bb6509b45288880ab1"}} | headers=HTTPHeaderDict({'Content-Length': '882', 'Content-Type': 'application/json; charset=utf-8', 'cache-control': 'no-cache'})
2025-01-14 17:21:46,780 - DEBUG - Finished Request
2025-01-14 17:21:46,780 - DEBUG - POST http://localhost:63325/session/32350e9c926040bb6509b45288880ab1/url {'url': 'https://baocantho.com.vn/khmer/detail-a182477.html'}
2025-01-14 17:21:48,186 - DEBUG - http://localhost:63325 "POST /session/32350e9c926040bb6509b45288880ab1/url HTTP/1.1" 200 0
2025-01-14 17:21:48,186 - DEBUG - Remote response: status=200 | data={"value":null} | headers=HTTPHeaderDict({'Content-Length': '14', 'Content-Type': 'application/json; charset=utf-8', 'cache-control': 'no-cache'})
2025-01-14 17:21:48,187 - DEBUG - Finished Request
2025-01-14 17:21:48,187 - DEBUG - POST http://localhost:63325/session/32350e9c926040bb6509b45288880ab1/element {'using': 'css selector', 'value': '.content-fck slider-jsgallery'}
2025-01-14 17:21:49,051 - DEBUG - http://localhost:63325 "POST /session/32350e9c926040bb6509b45288880ab1/element HTTP/1.1" 404 0
2025-01-14 17:21:49,051 - DEBUG - Remote response: status=404 | data={"value":{"error":"no such element","message":"no such element: Unable to locate element: {\"method\":\"css selector\",\"selector\":\".content-fck slider-jsgallery\"}\n  (Session info: chrome=131.0.6778.265)","stacktrace":"\tGetHandleVerifier [0x00007FF7FA4480D5+2992373]\n\t(No symbol) [0x00007FF7FA0DBFD0]\n\t(No symbol) [0x00007FF7F9F7590A]\n\t(No symbol) [0x00007FF7F9FC926E]\n\t(No symbol) [0x00007FF7F9FC955C]\n\t(No symbol) [0x00007FF7FA0127D7]\n\t(No symbol) [0x00007FF7F9FEF3AF]\n\t(No symbol) [0x00007FF7FA00F584]\n\t(No symbol) [0x00007FF7F9FEF113]\n\t(No symbol) [0x00007FF7F9FBA918]\n\t(No symbol) [0x00007FF7F9FBBA81]\n\tGetHandleVerifier [0x00007FF7FA4A6A2D+3379789]\n\tGetHandleVerifier [0x00007FF7FA4BC32D+3468109]\n\tGetHandleVerifier [0x00007FF7FA4B0043+3418211]\n\tGetHandleVerifier [0x00007FF7FA23C78B+847787]\n\t(No symbol) [0x00007FF7FA0E757F]\n\t(No symbol) [0x00007FF7FA0E2FC4]\n\t(No symbol) [0x00007FF7FA0E315D]\n\t(No symbol) [0x00007FF7FA0D2979]\n\tBaseThreadInitThunk [0x00007FF90F01E8D7+23]\n\tRtlUserThreadStart [0x00007FF91101FBCC+44]\n"}} | headers=HTTPHeaderDict({'Content-Length': '1072', 'Content-Type': 'application/json; charset=utf-8', 'cache-control': 'no-cache'})
2025-01-14 17:21:49,051 - DEBUG - Finished Request
